<?xml version="1.0" encoding="UTF-8"?>
<testng-results skipped="0" failed="1" ignored="0" total="3" passed="2">
  <reporter-output>
  </reporter-output>
  <suite name="All Test Suite" duration-ms="101" started-at="2022-01-03T00:20:51 MSK" finished-at="2022-01-03T00:20:52 MSK">
    <groups>
    </groups>
    <test name="SecondTest" duration-ms="86" started-at="2022-01-03T00:20:51 MSK" finished-at="2022-01-03T00:20:52 MSK">
      <class name="test.SecondTest">
        <test-method status="PASS" signature="testMethodSecond()[pri:0, instance:test.SecondTest@3b7ff809]" name="testMethodSecond" duration-ms="37" started-at="2022-01-03T00:20:52 MSK" finished-at="2022-01-03T00:20:52 MSK">
          <reporter-output>
          </reporter-output>
        </test-method> <!-- testMethodSecond -->
      </class> <!-- test.SecondTest -->
    </test> <!-- SecondTest -->
    <test name="ThirdTest" duration-ms="87" started-at="2022-01-03T00:20:51 MSK" finished-at="2022-01-03T00:20:52 MSK">
      <class name="test.ThirdTest">
        <test-method status="PASS" signature="testMethodThird()[pri:0, instance:test.ThirdTest@1cbf6e72]" name="testMethodThird" duration-ms="37" started-at="2022-01-03T00:20:52 MSK" finished-at="2022-01-03T00:20:52 MSK">
          <reporter-output>
          </reporter-output>
        </test-method> <!-- testMethodThird -->
      </class> <!-- test.ThirdTest -->
    </test> <!-- ThirdTest -->
    <test name="FirstTest" duration-ms="101" started-at="2022-01-03T00:20:51 MSK" finished-at="2022-01-03T00:20:52 MSK">
      <class name="test.FirstTest">
        <test-method status="FAIL" signature="testMethodOne()[pri:0, instance:test.FirstTest@2415fc55]" name="testMethodOne" duration-ms="37" started-at="2022-01-03T00:20:52 MSK" finished-at="2022-01-03T00:20:52 MSK">
          <exception class="java.lang.AssertionError">
            <message>
              <![CDATA[expected [false] but found [true]]]>
            </message>
            <full-stacktrace>
              <![CDATA[java.lang.AssertionError: expected [false] but found [true]
at org.testng.Assert.fail(Assert.java:99)
at org.testng.Assert.failNotEquals(Assert.java:1037)
at org.testng.Assert.assertFalse(Assert.java:67)
at org.testng.Assert.assertFalse(Assert.java:77)
at test.FirstTest.testMethodOne(FirstTest.java:11)
at sun.reflect.NativeMethodAccessorImpl.invoke0(Native Method)
at sun.reflect.NativeMethodAccessorImpl.invoke(NativeMethodAccessorImpl.java:62)
at sun.reflect.DelegatingMethodAccessorImpl.invoke(DelegatingMethodAccessorImpl.java:43)
at java.lang.reflect.Method.invoke(Method.java:498)
at org.testng.internal.MethodInvocationHelper.invokeMethod(MethodInvocationHelper.java:133)
at org.testng.internal.TestInvoker.invokeMethod(TestInvoker.java:598)
at org.testng.internal.TestInvoker.invokeTestMethod(TestInvoker.java:173)
at org.testng.internal.MethodRunner.runInSequence(MethodRunner.java:46)
at org.testng.internal.TestInvoker$MethodInvocationAgent.invoke(TestInvoker.java:824)
at org.testng.internal.TestInvoker.invokeTestMethods(TestInvoker.java:146)
at org.testng.internal.TestMethodWorker.invokeTestMethods(TestMethodWorker.java:146)
at org.testng.internal.TestMethodWorker.run(TestMethodWorker.java:128)
at java.util.ArrayList.forEach(ArrayList.java:1259)
at org.testng.TestRunner.privateRun(TestRunner.java:794)
at org.testng.TestRunner.run(TestRunner.java:596)
at org.testng.SuiteRunner.runTest(SuiteRunner.java:377)
at org.testng.SuiteRunner.access$000(SuiteRunner.java:28)
at org.testng.SuiteRunner$SuiteWorker.run(SuiteRunner.java:418)
at org.testng.internal.thread.ThreadUtil.lambda$execute$0(ThreadUtil.java:64)
at java.util.concurrent.FutureTask.run(FutureTask.java:266)
at java.util.concurrent.ThreadPoolExecutor.runWorker(ThreadPoolExecutor.java:1149)
at java.util.concurrent.ThreadPoolExecutor$Worker.run(ThreadPoolExecutor.java:624)
at java.lang.Thread.run(Thread.java:748)
]]>
            </full-stacktrace>
          </exception> <!-- java.lang.AssertionError -->
          <reporter-output>
          </reporter-output>
        </test-method> <!-- testMethodOne -->
      </class> <!-- test.FirstTest -->
    </test> <!-- FirstTest -->
  </suite> <!-- All Test Suite -->
</testng-results>
